{"name": "test_add_del_from_cart", "status": "broken", "statusDetails": {"message": "selenium.common.exceptions.TimeoutException: Message: \nStacktrace:\nWebDriverError@chrome://remote/content/shared/webdriver/Errors.jsm:181:5\nNoSuchElementError@chrome://remote/content/shared/webdriver/Errors.jsm:393:5\nelement.find/</<@chrome://remote/content/marionette/element.js:299:16", "trace": "self = <tests.test_homepage.TestHomePage object at 0x03CB40B8>\n\n    @allure.severity(allure.severity_level.CRITICAL)\n    @allure.story(\"Проверка возможности добавлять и удалять продукты из корзины\")\n    def test_add_del_from_cart(self):\n        \"\"\"Verifying the ability to add and delete items from a cart\"\"\"\n        item = HomePage(self.driver)\n>       item.search_by_text(\"Dress\")\n\ntests\\test_homepage.py:44: \n_ _ _ _ _ _ _ _ _ _ _ _ _ _ _ _ _ _ _ _ _ _ _ _ _ _ _ _ _ _ _ _ _ _ _ _ _ _ _ _\npages\\homepage.py:27: in search_by_text\n    self._is_present('xpath', HomePageLocators.search_field).send_keys(text)\nbase\\seleniumbase.py:29: in _is_present\n    return self.__wait.until(ec.presence_of_element_located((self.__get_selenium_by(find_by), locator)))\n_ _ _ _ _ _ _ _ _ _ _ _ _ _ _ _ _ _ _ _ _ _ _ _ _ _ _ _ _ _ _ _ _ _ _ _ _ _ _ _\n\nself = <selenium.webdriver.support.wait.WebDriverWait (session=\"740f4824-ac4f-4a84-baeb-dba3f51bc2fd\")>\nmethod = <function presence_of_element_located.<locals>._predicate at 0x03C89AD8>\nmessage = ''\n\n    def until(self, method, message=''):\n        \"\"\"Calls the method provided with the driver as an argument until the \\\n        return value does not evaluate to ``False``.\n    \n        :param method: callable(WebDriver)\n        :param message: optional message for :exc:`TimeoutException`\n        :returns: the result of the last call to `method`\n        :raises: :exc:`selenium.common.exceptions.TimeoutException` if timeout occurs\n        \"\"\"\n        screen = None\n        stacktrace = None\n    \n        end_time = time.time() + self._timeout\n        while True:\n            try:\n                value = method(self._driver)\n                if value:\n                    return value\n            except InvalidSelectorException as e:\n                raise e\n            except self._ignored_exceptions as exc:\n                screen = getattr(exc, 'screen', None)\n                stacktrace = getattr(exc, 'stacktrace', None)\n            time.sleep(self._poll)\n            if time.time() > end_time:\n                break\n>       raise TimeoutException(message, screen, stacktrace)\nE       selenium.common.exceptions.TimeoutException: Message: \nE       Stacktrace:\nE       WebDriverError@chrome://remote/content/shared/webdriver/Errors.jsm:181:5\nE       NoSuchElementError@chrome://remote/content/shared/webdriver/Errors.jsm:393:5\nE       element.find/</<@chrome://remote/content/marionette/element.js:299:16\n\n..\\..\\AppData\\Local\\Programs\\Python\\Python38-32\\lib\\site-packages\\selenium\\webdriver\\support\\wait.py:89: TimeoutException"}, "description": "Verifying the ability to add and delete items from a cart", "steps": [{"name": "Набор заданного текста в поле поиска", "status": "broken", "statusDetails": {"message": "selenium.common.exceptions.TimeoutException: Message: \nStacktrace:\nWebDriverError@chrome://remote/content/shared/webdriver/Errors.jsm:181:5\nNoSuchElementError@chrome://remote/content/shared/webdriver/Errors.jsm:393:5\nelement.find/</<@chrome://remote/content/marionette/element.js:299:16\n\n", "trace": "  File \"C:\\Users\\Artem Kozlov\\AppData\\Local\\Programs\\Python\\Python38-32\\lib\\site-packages\\allure_commons\\_allure.py\", line 172, in impl\n    return func(*a, **kw)\n  File \"C:\\Users\\Artem Kozlov\\PycharmProjects\\POM_Selenium_Pytest_Task1\\pages\\homepage.py\", line 27, in search_by_text\n    self._is_present('xpath', HomePageLocators.search_field).send_keys(text)\n  File \"C:\\Users\\Artem Kozlov\\PycharmProjects\\POM_Selenium_Pytest_Task1\\base\\seleniumbase.py\", line 29, in _is_present\n    return self.__wait.until(ec.presence_of_element_located((self.__get_selenium_by(find_by), locator)))\n  File \"C:\\Users\\Artem Kozlov\\AppData\\Local\\Programs\\Python\\Python38-32\\lib\\site-packages\\selenium\\webdriver\\support\\wait.py\", line 89, in until\n    raise TimeoutException(message, screen, stacktrace)\n"}, "parameters": [{"name": "text", "value": "'Dress'"}], "start": 1642510550487, "stop": 1642510560807}], "attachments": [{"name": "Screenshot", "source": "a395d3aa-594a-4e75-acd7-181edcd44ddd-attachment.png", "type": "image/png"}], "start": 1642510549944, "stop": 1642510560807, "uuid": "fdb24d30-14ea-4d18-808c-3a0032dfb707", "historyId": "ef1d73d04e2213baaf077ff09ee64652", "testCaseId": "06e7b6224c493b40caad8440e9885000", "fullName": "tests.test_homepage.TestHomePage#test_add_del_from_cart", "labels": [{"name": "story", "value": "Проверка возможности добавлять и удалять продукты из корзины"}, {"name": "feature", "value": "Тесты при взаимодействии с товарами"}, {"name": "severity", "value": "critical"}, {"name": "tag", "value": "@pytest.mark.usefixtures('web_driver_init')"}, {"name": "parentSuite", "value": "tests"}, {"name": "suite", "value": "test_homepage"}, {"name": "subSuite", "value": "TestHomePage"}, {"name": "host", "value": "ArtemKozlov"}, {"name": "thread", "value": "1448-MainThread"}, {"name": "framework", "value": "pytest"}, {"name": "language", "value": "cpython3"}, {"name": "package", "value": "tests.test_homepage"}]}