{"name": "test_register_form", "status": "broken", "statusDetails": {"message": "selenium.common.exceptions.TimeoutException: Message: \nStacktrace:\nWebDriverError@chrome://remote/content/shared/webdriver/Errors.jsm:181:5\nNoSuchElementError@chrome://remote/content/shared/webdriver/Errors.jsm:393:5\nelement.find/</<@chrome://remote/content/marionette/element.js:299:16", "trace": "self = <tests.test_register_page.TestRegisterPage object at 0x03E2B868>\n\n    def test_register_form(self):\n        \"\"\"Verifying the ability to register\"\"\"\n        register = RegisterPage(self.driver)\n        register.fill_email(\"randomemail\" + str(random.randint(111, 1111)) + \"@gmail.com\")\n        register.click_create_button()\n>       assert register.check_register_form_appears(), \"A Register form didn't appear.\"\n\ntests\\test_register_page.py:16: \n_ _ _ _ _ _ _ _ _ _ _ _ _ _ _ _ _ _ _ _ _ _ _ _ _ _ _ _ _ _ _ _ _ _ _ _ _ _ _ _\npages\\register_page.py:27: in check_register_form_appears\n    element = self.is_present('xpath', RegisterPageLocators.subtitle)\nbase\\seleniumbase.py:29: in is_present\n    return self.__wait.until(ec.presence_of_element_located((self.__get_selenium_by(find_by), locator)))\n_ _ _ _ _ _ _ _ _ _ _ _ _ _ _ _ _ _ _ _ _ _ _ _ _ _ _ _ _ _ _ _ _ _ _ _ _ _ _ _\n\nself = <selenium.webdriver.support.wait.WebDriverWait (session=\"acb95c35-e8e1-45a6-af95-daed13abc9a3\")>\nmethod = <function presence_of_element_located.<locals>._predicate at 0x03D8EA48>\nmessage = ''\n\n    def until(self, method, message=''):\n        \"\"\"Calls the method provided with the driver as an argument until the \\\n        return value does not evaluate to ``False``.\n    \n        :param method: callable(WebDriver)\n        :param message: optional message for :exc:`TimeoutException`\n        :returns: the result of the last call to `method`\n        :raises: :exc:`selenium.common.exceptions.TimeoutException` if timeout occurs\n        \"\"\"\n        screen = None\n        stacktrace = None\n    \n        end_time = time.time() + self._timeout\n        while True:\n            try:\n                value = method(self._driver)\n                if value:\n                    return value\n            except InvalidSelectorException as e:\n                raise e\n            except self._ignored_exceptions as exc:\n                screen = getattr(exc, 'screen', None)\n                stacktrace = getattr(exc, 'stacktrace', None)\n            time.sleep(self._poll)\n            if time.time() > end_time:\n                break\n>       raise TimeoutException(message, screen, stacktrace)\nE       selenium.common.exceptions.TimeoutException: Message: \nE       Stacktrace:\nE       WebDriverError@chrome://remote/content/shared/webdriver/Errors.jsm:181:5\nE       NoSuchElementError@chrome://remote/content/shared/webdriver/Errors.jsm:393:5\nE       element.find/</<@chrome://remote/content/marionette/element.js:299:16\n\n..\\..\\AppData\\Local\\Programs\\Python\\Python38-32\\lib\\site-packages\\selenium\\webdriver\\support\\wait.py:89: TimeoutException"}, "description": "Verifying the ability to register", "steps": [{"name": "Заполнение email", "status": "passed", "parameters": [{"name": "email", "value": "'randomemail486@gmail.com'"}], "start": 1642074687436, "stop": 1642074687536}, {"name": "Клик по кнопке \"Create an account\"", "status": "passed", "start": 1642074687536, "stop": 1642074688086}, {"name": "Проверка: форма регистрации появилась", "status": "broken", "statusDetails": {"message": "selenium.common.exceptions.TimeoutException: Message: \nStacktrace:\nWebDriverError@chrome://remote/content/shared/webdriver/Errors.jsm:181:5\nNoSuchElementError@chrome://remote/content/shared/webdriver/Errors.jsm:393:5\nelement.find/</<@chrome://remote/content/marionette/element.js:299:16\n\n", "trace": "  File \"C:\\Users\\Artem Kozlov\\AppData\\Local\\Programs\\Python\\Python38-32\\lib\\site-packages\\allure_commons\\_allure.py\", line 172, in impl\n    return func(*a, **kw)\n  File \"C:\\Users\\Artem Kozlov\\PycharmProjects\\POM_Selenium_Pytest_Task1\\pages\\register_page.py\", line 27, in check_register_form_appears\n    element = self.is_present('xpath', RegisterPageLocators.subtitle)\n  File \"C:\\Users\\Artem Kozlov\\PycharmProjects\\POM_Selenium_Pytest_Task1\\base\\seleniumbase.py\", line 29, in is_present\n    return self.__wait.until(ec.presence_of_element_located((self.__get_selenium_by(find_by), locator)))\n  File \"C:\\Users\\Artem Kozlov\\AppData\\Local\\Programs\\Python\\Python38-32\\lib\\site-packages\\selenium\\webdriver\\support\\wait.py\", line 89, in until\n    raise TimeoutException(message, screen, stacktrace)\n"}, "start": 1642074688086, "stop": 1642074698474}], "attachments": [{"name": "Screenshot", "source": "ee781f96-f396-4aa8-beb9-2ac6e6716402-attachment.png", "type": "image/png"}, {"name": "stdout", "source": "1e94214b-5526-47c7-a2a9-2c9bc9450209-attachment.txt", "type": "text/plain"}], "start": 1642074678413, "stop": 1642074698534, "uuid": "81fe3f67-868d-45c4-866e-0010f383ceea", "historyId": "e95028b50be6c41cc121289dd539764d", "testCaseId": "d3056713067663ae09230e5bdde7de3a", "fullName": "tests.test_register_page.TestRegisterPage#test_register_form", "labels": [{"name": "tag", "value": "@pytest.mark.usefixtures('web_driver_init')"}, {"name": "parentSuite", "value": "tests"}, {"name": "suite", "value": "test_register_page"}, {"name": "subSuite", "value": "TestRegisterPage"}, {"name": "host", "value": "ArtemKozlov"}, {"name": "thread", "value": "9212-MainThread"}, {"name": "framework", "value": "pytest"}, {"name": "language", "value": "cpython3"}, {"name": "package", "value": "tests.test_register_page"}]}