{"name": "test_add_del_from_cart", "status": "broken", "statusDetails": {"message": "selenium.common.exceptions.MoveTargetOutOfBoundsException: Message: (524, 1109) is out of bounds of viewport width (1366) and height (679)\nStacktrace:\nWebDriverError@chrome://remote/content/shared/webdriver/Errors.jsm:181:5\nMoveTargetOutOfBoundsError@chrome://remote/content/shared/webdriver/Errors.jsm:371:5\ndispatchPointerMove/<@chrome://remote/content/marionette/action.js:1383:13\ndispatchPointerMove@chrome://remote/content/marionette/action.js:1374:10\ntoEvents/<@chrome://remote/content/marionette/action.js:1145:16\naction.dispatchTickActions@chrome://remote/content/marionette/action.js:1055:35\naction.dispatch/chainEvents<@chrome://remote/content/marionette/action.js:1023:20\naction.dispatch@chrome://remote/content/marionette/action.js:1029:5\nperformActions@chrome://remote/content/marionette/actors/MarionetteCommandsChild.jsm:447:18\nreceiveMessage@chrome://remote/content/marionette/actors/MarionetteCommandsChild.jsm:141:31", "trace": "self = <tests.test_homepage.TestHomePage object at 0x03A8AF88>\n\n    @pytest.mark.runthis\n    @allure.severity(allure.severity_level.MINOR)\n    def test_add_del_from_cart(self):\n        \"\"\"Verifying the ability to add and delete items from cart\"\"\"\n        item = HomePage(self.driver)\n        item.search_by_text(\"Dress\")\n        item.click_search_button()\n        assert item.check_results_exists(), 'There are no items in results found'\n        number_of_product = 7\n        product_name = item.store_name_of_an_added_product(number_of_product)\n>       item.click_add_to_cart(number_of_product)\n\ntests\\test_homepage.py:43: \n_ _ _ _ _ _ _ _ _ _ _ _ _ _ _ _ _ _ _ _ _ _ _ _ _ _ _ _ _ _ _ _ _ _ _ _ _ _ _ _\npages\\homepage.py:63: in click_add_to_cart\n    self.move_to_element(product_block)\nbase\\seleniumbase.py:74: in move_to_element\n    return ActionChains(self.driver).move_to_element(element).perform()\n..\\..\\AppData\\Local\\Programs\\Python\\Python38-32\\lib\\site-packages\\selenium\\webdriver\\common\\action_chains.py:75: in perform\n    self.w3c_actions.perform()\n..\\..\\AppData\\Local\\Programs\\Python\\Python38-32\\lib\\site-packages\\selenium\\webdriver\\common\\actions\\action_builder.py:77: in perform\n    self.driver.execute(Command.W3C_ACTIONS, enc)\n..\\..\\AppData\\Local\\Programs\\Python\\Python38-32\\lib\\site-packages\\selenium\\webdriver\\remote\\webdriver.py:424: in execute\n    self.error_handler.check_response(response)\n_ _ _ _ _ _ _ _ _ _ _ _ _ _ _ _ _ _ _ _ _ _ _ _ _ _ _ _ _ _ _ _ _ _ _ _ _ _ _ _\n\nself = <selenium.webdriver.remote.errorhandler.ErrorHandler object at 0x03A958F8>\nresponse = {'status': 500, 'value': '{\"value\":{\"error\":\"move target out of bounds\",\"message\":\"(524, 1109) is out of bounds of vie...sChild.jsm:447:18\\\\nreceiveMessage@chrome://remote/content/marionette/actors/MarionetteCommandsChild.jsm:141:31\\\\n\"}}'}\n\n    def check_response(self, response: Dict[str, Any]) -> None:\n        \"\"\"\n        Checks that a JSON response from the WebDriver does not have an error.\n    \n        :Args:\n         - response - The JSON response from the WebDriver server as a dictionary\n           object.\n    \n        :Raises: If the response contains an error message.\n        \"\"\"\n        status = response.get('status', None)\n        if not status or status == ErrorCode.SUCCESS:\n            return\n        value = None\n        message = response.get(\"message\", \"\")\n        screen: str = response.get(\"screen\", \"\")\n        stacktrace = None\n        if isinstance(status, int):\n            value_json = response.get('value', None)\n            if value_json and isinstance(value_json, str):\n                import json\n                try:\n                    value = json.loads(value_json)\n                    if len(value.keys()) == 1:\n                        value = value['value']\n                    status = value.get('error', None)\n                    if not status:\n                        status = value.get(\"status\", ErrorCode.UNKNOWN_ERROR)\n                        message = value.get(\"value\") or value.get(\"message\")\n                        if not isinstance(message, str):\n                            value = message\n                            message = message.get('message')\n                    else:\n                        message = value.get('message', None)\n                except ValueError:\n                    pass\n    \n        exception_class: Type[WebDriverException]\n        if status in ErrorCode.NO_SUCH_ELEMENT:\n            exception_class = NoSuchElementException\n        elif status in ErrorCode.NO_SUCH_FRAME:\n            exception_class = NoSuchFrameException\n        elif status in ErrorCode.NO_SUCH_SHADOW_ROOT:\n            exception_class = NoSuchShadowRootException\n        elif status in ErrorCode.NO_SUCH_WINDOW:\n            exception_class = NoSuchWindowException\n        elif status in ErrorCode.STALE_ELEMENT_REFERENCE:\n            exception_class = StaleElementReferenceException\n        elif status in ErrorCode.ELEMENT_NOT_VISIBLE:\n            exception_class = ElementNotVisibleException\n        elif status in ErrorCode.INVALID_ELEMENT_STATE:\n            exception_class = InvalidElementStateException\n        elif status in ErrorCode.INVALID_SELECTOR \\\n                or status in ErrorCode.INVALID_XPATH_SELECTOR \\\n                or status in ErrorCode.INVALID_XPATH_SELECTOR_RETURN_TYPER:\n            exception_class = InvalidSelectorException\n        elif status in ErrorCode.ELEMENT_IS_NOT_SELECTABLE:\n            exception_class = ElementNotSelectableException\n        elif status in ErrorCode.ELEMENT_NOT_INTERACTABLE:\n            exception_class = ElementNotInteractableException\n        elif status in ErrorCode.INVALID_COOKIE_DOMAIN:\n            exception_class = InvalidCookieDomainException\n        elif status in ErrorCode.UNABLE_TO_SET_COOKIE:\n            exception_class = UnableToSetCookieException\n        elif status in ErrorCode.TIMEOUT:\n            exception_class = TimeoutException\n        elif status in ErrorCode.SCRIPT_TIMEOUT:\n            exception_class = TimeoutException\n        elif status in ErrorCode.UNKNOWN_ERROR:\n            exception_class = WebDriverException\n        elif status in ErrorCode.UNEXPECTED_ALERT_OPEN:\n            exception_class = UnexpectedAlertPresentException\n        elif status in ErrorCode.NO_ALERT_OPEN:\n            exception_class = NoAlertPresentException\n        elif status in ErrorCode.IME_NOT_AVAILABLE:\n            exception_class = ImeNotAvailableException\n        elif status in ErrorCode.IME_ENGINE_ACTIVATION_FAILED:\n            exception_class = ImeActivationFailedException\n        elif status in ErrorCode.MOVE_TARGET_OUT_OF_BOUNDS:\n            exception_class = MoveTargetOutOfBoundsException\n        elif status in ErrorCode.JAVASCRIPT_ERROR:\n            exception_class = JavascriptException\n        elif status in ErrorCode.SESSION_NOT_CREATED:\n            exception_class = SessionNotCreatedException\n        elif status in ErrorCode.INVALID_ARGUMENT:\n            exception_class = InvalidArgumentException\n        elif status in ErrorCode.NO_SUCH_COOKIE:\n            exception_class = NoSuchCookieException\n        elif status in ErrorCode.UNABLE_TO_CAPTURE_SCREEN:\n            exception_class = ScreenshotException\n        elif status in ErrorCode.ELEMENT_CLICK_INTERCEPTED:\n            exception_class = ElementClickInterceptedException\n        elif status in ErrorCode.INSECURE_CERTIFICATE:\n            exception_class = InsecureCertificateException\n        elif status in ErrorCode.INVALID_COORDINATES:\n            exception_class = InvalidCoordinatesException\n        elif status in ErrorCode.INVALID_SESSION_ID:\n            exception_class = InvalidSessionIdException\n        elif status in ErrorCode.UNKNOWN_METHOD:\n            exception_class = UnknownMethodException\n        else:\n            exception_class = WebDriverException\n        if not value:\n            value = response['value']\n        if isinstance(value, str):\n            raise exception_class(value)\n        if message == \"\" and 'message' in value:\n            message = value['message']\n    \n        screen = None  # type: ignore[assignment]\n        if 'screen' in value:\n            screen = value['screen']\n    \n        stacktrace = None\n        st_value = value.get('stackTrace') or value.get('stacktrace')\n        if st_value:\n            if isinstance(st_value, str):\n                stacktrace = st_value.split('\\n')\n            else:\n                stacktrace = []\n                try:\n                    for frame in st_value:\n                        line = self._value_or_default(frame, 'lineNumber', '')\n                        file = self._value_or_default(frame, 'fileName', '<anonymous>')\n                        if line:\n                            file = \"%s:%s\" % (file, line)\n                        meth = self._value_or_default(frame, 'methodName', '<anonymous>')\n                        if 'className' in frame:\n                            meth = \"%s.%s\" % (frame['className'], meth)\n                        msg = \"    at %s (%s)\"\n                        msg = msg % (meth, file)\n                        stacktrace.append(msg)\n                except TypeError:\n                    pass\n        if exception_class == UnexpectedAlertPresentException:\n            alert_text = None\n            if 'data' in value:\n                alert_text = value['data'].get('text')\n            elif 'alert' in value:\n                alert_text = value['alert'].get('text')\n            raise exception_class(message, screen, stacktrace, alert_text)  # type: ignore[call-arg]  # mypy is not smart enough here\n>       raise exception_class(message, screen, stacktrace)\nE       selenium.common.exceptions.MoveTargetOutOfBoundsException: Message: (524, 1109) is out of bounds of viewport width (1366) and height (679)\nE       Stacktrace:\nE       WebDriverError@chrome://remote/content/shared/webdriver/Errors.jsm:181:5\nE       MoveTargetOutOfBoundsError@chrome://remote/content/shared/webdriver/Errors.jsm:371:5\nE       dispatchPointerMove/<@chrome://remote/content/marionette/action.js:1383:13\nE       dispatchPointerMove@chrome://remote/content/marionette/action.js:1374:10\nE       toEvents/<@chrome://remote/content/marionette/action.js:1145:16\nE       action.dispatchTickActions@chrome://remote/content/marionette/action.js:1055:35\nE       action.dispatch/chainEvents<@chrome://remote/content/marionette/action.js:1023:20\nE       action.dispatch@chrome://remote/content/marionette/action.js:1029:5\nE       performActions@chrome://remote/content/marionette/actors/MarionetteCommandsChild.jsm:447:18\nE       receiveMessage@chrome://remote/content/marionette/actors/MarionetteCommandsChild.jsm:141:31\n\n..\\..\\AppData\\Local\\Programs\\Python\\Python38-32\\lib\\site-packages\\selenium\\webdriver\\remote\\errorhandler.py:247: MoveTargetOutOfBoundsException"}, "description": "Verifying the ability to add and delete items from cart", "steps": [{"name": "Набор заданного текста в поле поиска", "status": "passed", "parameters": [{"name": "text", "value": "'Dress'"}], "start": 1642074596359, "stop": 1642074596458}, {"name": "Клик по кнопке \"Найти\"", "status": "passed", "start": 1642074596458, "stop": 1642074598553}, {"name": "Проверка: поиск выдал какие-то результаты", "status": "passed", "start": 1642074598553, "stop": 1642074598613}, {"name": "Сохранение имени добавленного продукта", "status": "passed", "parameters": [{"name": "number_of_product", "value": "7"}], "start": 1642074598613, "stop": 1642074598753}, {"name": "Клик по кнопке \"Add to cart\"", "status": "broken", "statusDetails": {"message": "selenium.common.exceptions.MoveTargetOutOfBoundsException: Message: (524, 1109) is out of bounds of viewport width (1366) and height (679)\nStacktrace:\nWebDriverError@chrome://remote/content/shared/webdriver/Errors.jsm:181:5\nMoveTargetOutOfBoundsError@chrome://remote/content/shared/webdriver/Errors.jsm:371:5\ndispatchPointerMove/<@chrome://remote/content/marionette/action.js:1383:13\ndispatchPointerMove@chrome://remote/content/marionette/action.js:1374:10\ntoEvents/<@chrome://remote/content/marionette/action.js:1145:16\naction.dispatchTickActions@chrome://remote/content/marionette/action.js:1055:35\naction.dispatch/chainEvents<@chrome://remote/content/marionette/action.js:1023:20\naction.dispatch@chrome://remote/content/marionette/action.js:1029:5\nperformActions@chrome://remote/content/marionette/actors/MarionetteCommandsChild.jsm:447:18\nreceiveMessage@chrome://remote/content/marionette/actors/MarionetteCommandsChild.jsm:141:31\n\n", "trace": "  File \"C:\\Users\\Artem Kozlov\\AppData\\Local\\Programs\\Python\\Python38-32\\lib\\site-packages\\allure_commons\\_allure.py\", line 172, in impl\n    return func(*a, **kw)\n  File \"C:\\Users\\Artem Kozlov\\PycharmProjects\\POM_Selenium_Pytest_Task1\\pages\\homepage.py\", line 63, in click_add_to_cart\n    self.move_to_element(product_block)\n  File \"C:\\Users\\Artem Kozlov\\PycharmProjects\\POM_Selenium_Pytest_Task1\\base\\seleniumbase.py\", line 74, in move_to_element\n    return ActionChains(self.driver).move_to_element(element).perform()\n  File \"C:\\Users\\Artem Kozlov\\AppData\\Local\\Programs\\Python\\Python38-32\\lib\\site-packages\\selenium\\webdriver\\common\\action_chains.py\", line 75, in perform\n    self.w3c_actions.perform()\n  File \"C:\\Users\\Artem Kozlov\\AppData\\Local\\Programs\\Python\\Python38-32\\lib\\site-packages\\selenium\\webdriver\\common\\actions\\action_builder.py\", line 77, in perform\n    self.driver.execute(Command.W3C_ACTIONS, enc)\n  File \"C:\\Users\\Artem Kozlov\\AppData\\Local\\Programs\\Python\\Python38-32\\lib\\site-packages\\selenium\\webdriver\\remote\\webdriver.py\", line 424, in execute\n    self.error_handler.check_response(response)\n  File \"C:\\Users\\Artem Kozlov\\AppData\\Local\\Programs\\Python\\Python38-32\\lib\\site-packages\\selenium\\webdriver\\remote\\errorhandler.py\", line 247, in check_response\n    raise exception_class(message, screen, stacktrace)\n"}, "parameters": [{"name": "number_of_product", "value": "7"}], "start": 1642074598753, "stop": 1642074598803}], "attachments": [{"name": "Screenshot", "source": "775f98ff-b265-4b17-9a2d-e06214f11650-attachment.png", "type": "image/png"}], "start": 1642074590717, "stop": 1642074598803, "uuid": "3052b83f-e388-4515-996e-ba2a79ccefde", "historyId": "ef1d73d04e2213baaf077ff09ee64652", "testCaseId": "06e7b6224c493b40caad8440e9885000", "fullName": "tests.test_homepage.TestHomePage#test_add_del_from_cart", "labels": [{"name": "severity", "value": "minor"}, {"name": "tag", "value": "runthis"}, {"name": "tag", "value": "@pytest.mark.usefixtures('web_driver_init')"}, {"name": "parentSuite", "value": "tests"}, {"name": "suite", "value": "test_homepage"}, {"name": "subSuite", "value": "TestHomePage"}, {"name": "host", "value": "ArtemKozlov"}, {"name": "thread", "value": "9212-MainThread"}, {"name": "framework", "value": "pytest"}, {"name": "language", "value": "cpython3"}, {"name": "package", "value": "tests.test_homepage"}]}