{"name": "test_order_product", "status": "broken", "statusDetails": {"message": "selenium.common.exceptions.TimeoutException: Message: \nStacktrace:\nWebDriverError@chrome://remote/content/shared/webdriver/Errors.jsm:181:5\nNoSuchElementError@chrome://remote/content/shared/webdriver/Errors.jsm:393:5\nelement.find/</<@chrome://remote/content/marionette/element.js:299:16", "trace": "self = <tests.test_homepage.TestHomePage object at 0x03CF00E8>\n\n    @allure.severity(allure.severity_level.CRITICAL)\n    @allure.story(\"Проверка возможности оформления продукта\")\n    def test_order_product(self):\n        \"\"\"Verifying the ability to order a product\"\"\"\n        order = HomePage(self.driver)\n        order.search_by_text(\"Dress\")\n        order.click_search_button()\n        assert order.check_results_exists(), 'There are no items in results found'\n        number_of_product = 1\n        product_name = order.store_name_of_an_added_product(number_of_product)\n        order.click_add_to_cart(number_of_product)\n        order.click_proceed_to_checkout()\n        assert order.check_product_in_cart_exists(product_name), 'There is no added product in a cart'\n        order.click_proceed_to_checkout_button_in_a_cart()\n>       order.login(email=\"randomemail1056@gmail.com\", password=\"QwErTyUi\")\n\ntests\\test_homepage.py:81: \n_ _ _ _ _ _ _ _ _ _ _ _ _ _ _ _ _ _ _ _ _ _ _ _ _ _ _ _ _ _ _ _ _ _ _ _ _ _ _ _\npages\\homepage.py:97: in login\n    self._is_visible('xpath', HomePageLocators.email_enter).send_keys(email)\nbase\\seleniumbase.py:26: in _is_visible\n    return self.__wait.until(ec.visibility_of_element_located((self.__get_selenium_by(find_by), locator)))\n_ _ _ _ _ _ _ _ _ _ _ _ _ _ _ _ _ _ _ _ _ _ _ _ _ _ _ _ _ _ _ _ _ _ _ _ _ _ _ _\n\nself = <selenium.webdriver.support.wait.WebDriverWait (session=\"0e04d4af-0336-4504-85b9-8672c3f79fd6\")>\nmethod = <function visibility_of_element_located.<locals>._predicate at 0x03D0E340>\nmessage = ''\n\n    def until(self, method, message=''):\n        \"\"\"Calls the method provided with the driver as an argument until the \\\n        return value does not evaluate to ``False``.\n    \n        :param method: callable(WebDriver)\n        :param message: optional message for :exc:`TimeoutException`\n        :returns: the result of the last call to `method`\n        :raises: :exc:`selenium.common.exceptions.TimeoutException` if timeout occurs\n        \"\"\"\n        screen = None\n        stacktrace = None\n    \n        end_time = time.time() + self._timeout\n        while True:\n            try:\n                value = method(self._driver)\n                if value:\n                    return value\n            except InvalidSelectorException as e:\n                raise e\n            except self._ignored_exceptions as exc:\n                screen = getattr(exc, 'screen', None)\n                stacktrace = getattr(exc, 'stacktrace', None)\n            time.sleep(self._poll)\n            if time.time() > end_time:\n                break\n>       raise TimeoutException(message, screen, stacktrace)\nE       selenium.common.exceptions.TimeoutException: Message: \nE       Stacktrace:\nE       WebDriverError@chrome://remote/content/shared/webdriver/Errors.jsm:181:5\nE       NoSuchElementError@chrome://remote/content/shared/webdriver/Errors.jsm:393:5\nE       element.find/</<@chrome://remote/content/marionette/element.js:299:16\n\n..\\..\\AppData\\Local\\Programs\\Python\\Python38-32\\lib\\site-packages\\selenium\\webdriver\\support\\wait.py:89: TimeoutException"}, "description": "Verifying the ability to order a product", "steps": [{"name": "Набор заданного текста в поле поиска", "status": "passed", "parameters": [{"name": "text", "value": "'Dress'"}], "start": 1642591947731, "stop": 1642591947861}, {"name": "Клик по кнопке \"Найти\"", "status": "passed", "start": 1642591947862, "stop": 1642591953167}, {"name": "Проверка: поиск выдал результаты", "status": "passed", "start": 1642591953167, "stop": 1642591956329}, {"name": "Сохранение имени добавленного продукта", "status": "passed", "parameters": [{"name": "number_of_product", "value": "1"}], "start": 1642591956329, "stop": 1642591956499}, {"name": "Клик по кнопке \"Add to cart\"", "status": "passed", "parameters": [{"name": "number_of_product", "value": "1"}], "start": 1642591956499, "stop": 1642591957119}, {"name": "Клик по кнопке \"Proceed to checkout\"", "status": "passed", "start": 1642591957119, "stop": 1642591968261}, {"name": "Проверка: в корзину добавился продукт", "status": "passed", "parameters": [{"name": "product_name", "value": "'Printed Summer Dress'"}], "start": 1642591968261, "stop": 1642591971563}, {"name": "Клик по кнопке \"Proceed to checkout\" в корзине", "status": "passed", "start": 1642591971563, "stop": 1642591976835}, {"name": "Авторизация", "status": "broken", "statusDetails": {"message": "selenium.common.exceptions.TimeoutException: Message: \nStacktrace:\nWebDriverError@chrome://remote/content/shared/webdriver/Errors.jsm:181:5\nNoSuchElementError@chrome://remote/content/shared/webdriver/Errors.jsm:393:5\nelement.find/</<@chrome://remote/content/marionette/element.js:299:16\n\n", "trace": "  File \"C:\\Users\\Artem Kozlov\\AppData\\Local\\Programs\\Python\\Python38-32\\lib\\site-packages\\allure_commons\\_allure.py\", line 172, in impl\n    return func(*a, **kw)\n  File \"C:\\Users\\Artem Kozlov\\PycharmProjects\\POM_Selenium_Pytest_Task1\\pages\\homepage.py\", line 97, in login\n    self._is_visible('xpath', HomePageLocators.email_enter).send_keys(email)\n  File \"C:\\Users\\Artem Kozlov\\PycharmProjects\\POM_Selenium_Pytest_Task1\\base\\seleniumbase.py\", line 26, in _is_visible\n    return self.__wait.until(ec.visibility_of_element_located((self.__get_selenium_by(find_by), locator)))\n  File \"C:\\Users\\Artem Kozlov\\AppData\\Local\\Programs\\Python\\Python38-32\\lib\\site-packages\\selenium\\webdriver\\support\\wait.py\", line 89, in until\n    raise TimeoutException(message, screen, stacktrace)\n"}, "parameters": [{"name": "email", "value": "'randomemail1056@gmail.com'"}, {"name": "password", "value": "'QwErTyUi'"}], "start": 1642591976835, "stop": 1642591987197}], "attachments": [{"name": "Screenshot", "source": "879deeea-48cd-4259-9d05-eeebb52eb76c-attachment.png", "type": "image/png"}], "start": 1642591935191, "stop": 1642591987197, "uuid": "b9886614-2e11-40c4-819b-512c6766768d", "historyId": "99784ccf2a6379dc9b2e2ed1dce6824d", "testCaseId": "a031fcf4d13fed04f9d232ba23d4bcbc", "fullName": "tests.test_homepage.TestHomePage#test_order_product", "labels": [{"name": "story", "value": "Проверка возможности оформления продукта"}, {"name": "severity", "value": "critical"}, {"name": "feature", "value": "Тесты при взаимодействии с товарами"}, {"name": "tag", "value": "@pytest.mark.usefixtures('web_driver_init')"}, {"name": "parentSuite", "value": "tests"}, {"name": "suite", "value": "test_homepage"}, {"name": "subSuite", "value": "TestHomePage"}, {"name": "host", "value": "ArtemKozlov"}, {"name": "thread", "value": "5888-MainThread"}, {"name": "framework", "value": "pytest"}, {"name": "language", "value": "cpython3"}, {"name": "package", "value": "tests.test_homepage"}]}