{"name": "test_search_items[Multiple results]", "status": "broken", "statusDetails": {"message": "selenium.common.exceptions.TimeoutException: Message: \nStacktrace:\nWebDriverError@chrome://remote/content/shared/webdriver/Errors.jsm:181:5\nNoSuchElementError@chrome://remote/content/shared/webdriver/Errors.jsm:393:5\nelement.find/</<@chrome://remote/content/marionette/element.js:299:16", "trace": "self = <tests.test_homepage.TestHomePage object at 0x03D07AF0>, s_text = 'Dress'\n\n    @allure.severity(allure.severity_level.NORMAL)\n    @allure.story(\"Проверка возможности искать товар через строку поиска\")  # TODO: запустить только один\n    @pytest.mark.parametrize('s_text', ['Blouse', 'Dress',\n                                        pytest.param('Nothing', marks=pytest.mark.xfail(reason='Searching for nonexistent item'))],\n                             ids=['1 result', 'Multiple results', '0 results'])\n    def test_search_items(self, s_text):\n        \"\"\"Verifying the ability to search items\"\"\"\n        search = HomePage(self.driver)\n        search_text = s_text\n>       search.search_by_text(search_text)\n\ntests\\test_homepage.py:32: \n_ _ _ _ _ _ _ _ _ _ _ _ _ _ _ _ _ _ _ _ _ _ _ _ _ _ _ _ _ _ _ _ _ _ _ _ _ _ _ _\npages\\homepage.py:27: in search_by_text\n    self._is_present('xpath', HomePageLocators.search_field).send_keys(text)\nbase\\seleniumbase.py:29: in _is_present\n    return self.__wait.until(ec.presence_of_element_located((self.__get_selenium_by(find_by), locator)))\n_ _ _ _ _ _ _ _ _ _ _ _ _ _ _ _ _ _ _ _ _ _ _ _ _ _ _ _ _ _ _ _ _ _ _ _ _ _ _ _\n\nself = <selenium.webdriver.support.wait.WebDriverWait (session=\"c682cca5-991e-4acf-874d-b3a153396282\")>\nmethod = <function presence_of_element_located.<locals>._predicate at 0x03D0E460>\nmessage = ''\n\n    def until(self, method, message=''):\n        \"\"\"Calls the method provided with the driver as an argument until the \\\n        return value does not evaluate to ``False``.\n    \n        :param method: callable(WebDriver)\n        :param message: optional message for :exc:`TimeoutException`\n        :returns: the result of the last call to `method`\n        :raises: :exc:`selenium.common.exceptions.TimeoutException` if timeout occurs\n        \"\"\"\n        screen = None\n        stacktrace = None\n    \n        end_time = time.time() + self._timeout\n        while True:\n            try:\n                value = method(self._driver)\n                if value:\n                    return value\n            except InvalidSelectorException as e:\n                raise e\n            except self._ignored_exceptions as exc:\n                screen = getattr(exc, 'screen', None)\n                stacktrace = getattr(exc, 'stacktrace', None)\n            time.sleep(self._poll)\n            if time.time() > end_time:\n                break\n>       raise TimeoutException(message, screen, stacktrace)\nE       selenium.common.exceptions.TimeoutException: Message: \nE       Stacktrace:\nE       WebDriverError@chrome://remote/content/shared/webdriver/Errors.jsm:181:5\nE       NoSuchElementError@chrome://remote/content/shared/webdriver/Errors.jsm:393:5\nE       element.find/</<@chrome://remote/content/marionette/element.js:299:16\n\n..\\..\\AppData\\Local\\Programs\\Python\\Python38-32\\lib\\site-packages\\selenium\\webdriver\\support\\wait.py:89: TimeoutException"}, "description": "Verifying the ability to search items", "steps": [{"name": "Набор заданного текста в поле поиска", "status": "broken", "statusDetails": {"message": "selenium.common.exceptions.TimeoutException: Message: \nStacktrace:\nWebDriverError@chrome://remote/content/shared/webdriver/Errors.jsm:181:5\nNoSuchElementError@chrome://remote/content/shared/webdriver/Errors.jsm:393:5\nelement.find/</<@chrome://remote/content/marionette/element.js:299:16\n\n", "trace": "  File \"C:\\Users\\Artem Kozlov\\AppData\\Local\\Programs\\Python\\Python38-32\\lib\\site-packages\\allure_commons\\_allure.py\", line 172, in impl\n    return func(*a, **kw)\n  File \"C:\\Users\\Artem Kozlov\\PycharmProjects\\POM_Selenium_Pytest_Task1\\pages\\homepage.py\", line 27, in search_by_text\n    self._is_present('xpath', HomePageLocators.search_field).send_keys(text)\n  File \"C:\\Users\\Artem Kozlov\\PycharmProjects\\POM_Selenium_Pytest_Task1\\base\\seleniumbase.py\", line 29, in _is_present\n    return self.__wait.until(ec.presence_of_element_located((self.__get_selenium_by(find_by), locator)))\n  File \"C:\\Users\\Artem Kozlov\\AppData\\Local\\Programs\\Python\\Python38-32\\lib\\site-packages\\selenium\\webdriver\\support\\wait.py\", line 89, in until\n    raise TimeoutException(message, screen, stacktrace)\n"}, "parameters": [{"name": "text", "value": "'Dress'"}], "start": 1642591744576, "stop": 1642591754896}], "attachments": [{"name": "Screenshot", "source": "8eba003a-b24c-419d-88d0-9cc91e288a74-attachment.png", "type": "image/png"}], "parameters": [{"name": "s_text", "value": "'Dress'"}], "start": 1642591743605, "stop": 1642591754916, "uuid": "8ae9f528-0c89-4085-ac5e-d0bc070e6354", "historyId": "d7dff8eb0fbe4a4efc61f12105aa5415", "testCaseId": "b0aa3d276e3963406d5b70985f1a05dc", "fullName": "tests.test_homepage.TestHomePage#test_search_items", "labels": [{"name": "severity", "value": "normal"}, {"name": "story", "value": "Проверка возможности искать товар через строку поиска"}, {"name": "feature", "value": "Тесты при взаимодействии с товарами"}, {"name": "tag", "value": "@pytest.mark.usefixtures('web_driver_init')"}, {"name": "parentSuite", "value": "tests"}, {"name": "suite", "value": "test_homepage"}, {"name": "subSuite", "value": "TestHomePage"}, {"name": "host", "value": "ArtemKozlov"}, {"name": "thread", "value": "5888-MainThread"}, {"name": "framework", "value": "pytest"}, {"name": "language", "value": "cpython3"}, {"name": "package", "value": "tests.test_homepage"}]}